2021-04-20T12:06:01.9115445+12:00;VSTestExecutionThread;Info;SpecFlow+Runner execution started
2021-04-20T12:06:01.9117782+12:00;VSTestExecutionThread;Info;SpecFlow+Runner 3.7.3 in Framework netcore31 in x64 mode execution started
2021-04-20T12:06:01.9117913+12:00;VSTestExecutionThread;Info;TestAdapter Location: C:\Users\Dell\Documents\VB Feb 2021\MarsOnboardingTask\MarsOnboardingTask\bin\Debug\netcoreapp3.1\TechTalk.SpecRun.VisualStudio.TestAdapter.dll
2021-04-20T12:06:01.9139402+12:00;VSTestExecutionThread;Info;Current UserName: 'Dell', MachineName: 'DELL-PC'
2021-04-20T12:06:01.9502133+12:00;VSTestExecutionThread;Info;SpecRun: running tests in C:\Users\Dell\Documents\VB Feb 2021\MarsOnboardingTask\MarsOnboardingTask\bin\Debug\netcoreapp3.1\MarsOnboardingTask.dll
2021-04-20T12:06:01.9505832+12:00;VSTestExecutionThread;Info;Output folder configured to "C:\Users\Dell\Documents\VB Feb 2021\MarsOnboardingTask\TestResults" (default)
2021-04-20T12:06:01.9507122+12:00;VSTestExecutionThread;Info;Profile: 
2021-04-20T12:06:02.0014184+12:00;VSTestExecutionThread;Info;Log file path: C:\Users\Dell\Documents\VB Feb 2021\MarsOnboardingTask\TestResults\Unnamed project__2021-04-20T120601.log
2021-04-20T12:06:02.0085844+12:00;Thread#13;Info;Checking activation
2021-04-20T12:06:02.1167049+12:00;Thread#13;Info;Activated.
2021-04-20T12:06:02.1170725+12:00;Thread#13;Info;Activation check completed
2021-04-20T12:06:02.1172353+12:00;Thread#13;Info;Starting test run
2021-04-20T12:06:02.2158713+12:00;Thread#13;Info;Discovering target: Default
2021-04-20T12:06:02.2160987+12:00;Thread#13;Info;Discovering tests from assembly: C:\Users\Dell\Documents\VB Feb 2021\MarsOnboardingTask\MarsOnboardingTask\bin\Debug\netcoreapp3.1\MarsOnboardingTask.dll
2021-04-20T12:06:02.3189175+12:00;Thread#13;Info;Discovered tests from assembly: C:\Users\Dell\Documents\VB Feb 2021\MarsOnboardingTask\MarsOnboardingTask\bin\Debug\netcoreapp3.1\MarsOnboardingTask.dll
2021-04-20T12:06:02.3203223+12:00:Test Suite Dump
2021-04-20T12:06:02.3222752+12:00:#0: Unnamed project/ - 
2021-04-20T12:06:02.3223050+12:00:#1: Default - 
2021-04-20T12:06:02.3223096+12:00:#2: MarsOnboardingTask - 
2021-04-20T12:06:02.3223122+12:00:#3: Add Profile details - 
2021-04-20T12:06:02.3237278+12:00:#4: Add Description on Profile Page - TestAssembly:MarsOnboardingTask/Feature:Add+Profile+details/Scenario:Add+Description+on+Profile+Page
2021-04-20T12:06:02.3237840+12:00:#5: Add New Languages - TestAssembly:MarsOnboardingTask/Feature:Add+Profile+details/Scenario:Add+New+Languages
2021-04-20T12:06:02.3237983+12:00:#6: Add New Skills - TestAssembly:MarsOnboardingTask/Feature:Add+Profile+details/Scenario:Add+New+Skills
2021-04-20T12:06:02.3238139+12:00:#7: Add New Education - TestAssembly:MarsOnboardingTask/Feature:Add+Profile+details/Scenario:Add+New+Education
2021-04-20T12:06:02.3238243+12:00:#8: Add New Certification - TestAssembly:MarsOnboardingTask/Feature:Add+Profile+details/Scenario:Add+New+Certification
2021-04-20T12:06:02.3238971+12:00:End: Test Suite Dump
2021-04-20T12:06:02.3480386+12:00:Thread#0:Scheduler: get next test for thread 0
2021-04-20T12:06:02.3502660+12:00:Thread#:Scheduler: testitem #4 from normal test queue 
2021-04-20T12:06:02.3503712+12:00:Thread#0:Scheduler: considering testitem #4 for thread 0
2021-04-20T12:06:02.3542743+12:00:Thread#0:TestItem#4:testItemMatchesCurrentTestThread:UnSpecific
2021-04-20T12:06:02.3542956+12:00:Thread#0:TestItem#4:runsOnOneOtherThreadSpecific:False
2021-04-20T12:06:02.3543060+12:00:Thread#0:TestItem#4:runsOnOneOtherThreadUnspecific:False
2021-04-20T12:06:02.3543104+12:00:Thread#0:Scheduler: using testitem #4 for thread 0
2021-04-20T12:06:02.3551396+12:00:Thread#0:Scheduler: Test #4 is scheduled for thread
2021-04-20T12:06:02.3577692+12:00:Thread#0:Scheduler: with testItemExecutionIndex 0
2021-04-20T12:06:02.3607542+12:00:Thread #0: creating new test thread executor for MarsOnboardingTask, Version=1.0.0.0, Culture=neutral, PublicKeyToken=null (target: Default)
2021-04-20T12:06:02.3640260+12:00:Thread #0: Creating test assembly executor for execution model OutProc
2021-04-20T12:06:02.3643006+12:00:Thread #0: Creating test assembly executor for execution model OutProc
2021-04-20T12:06:02.3673562+12:00:Thread #0: using TechTalk.SpecRun.Framework.Execution.OutOfProc.StreamJsonRPC.OutOfProcessTestAssemblyExecutorHost to execute tests
2021-04-20T12:06:02.3697020+12:00:starting Out Of Process Executor
2021-04-20T12:06:02.3718437+12:00:Assembly resolving Microsoft.VisualStudio.Validation, Version=15.3.0.0, Culture=neutral, PublicKeyToken=b03f5f7f11d50a3a
2021-04-20T12:06:02.3752705+12:00:[AssemblyCache] Trying to resolve 'Microsoft.VisualStudio.Validation' from .deps.json file
2021-04-20T12:06:02.3753013+12:00:[AssemblyCache] Could not resolve 'Microsoft.VisualStudio.Validation' from .deps.json
2021-04-20T12:06:02.3767322+12:00:[AssemblyCache] Trying to resolve 'Microsoft.VisualStudio.Validation' in folder 'C:\Users\Dell\Documents\VB Feb 2021\MarsOnboardingTask\MarsOnboardingTask\bin\Debug\netcoreapp3.1'
2021-04-20T12:06:02.3771944+12:00:[AssemblyCache] Trying to resolve 'Microsoft.VisualStudio.Validation' to 'C:\Users\Dell\Documents\VB Feb 2021\MarsOnboardingTask\MarsOnboardingTask\bin\Debug\netcoreapp3.1\Microsoft.VisualStudio.Validation.dll'
2021-04-20T12:06:02.3774913+12:00:[AssemblyCache] Trying to resolve 'Microsoft.VisualStudio.Validation' to 'C:\Users\Dell\Documents\VB Feb 2021\MarsOnboardingTask\MarsOnboardingTask\bin\Debug\netcoreapp3.1\Microsoft.VisualStudio.Validation.exe'
2021-04-20T12:06:02.3775826+12:00:[AssemblyCache] Could not resolve 'Microsoft.VisualStudio.Validation' in folder 'C:\Users\Dell\Documents\VB Feb 2021\MarsOnboardingTask\MarsOnboardingTask\bin\Debug\netcoreapp3.1'
2021-04-20T12:06:02.3779074+12:00:TargetFramework: .NETCoreApp,Version=v3.1
2021-04-20T12:06:02.3787275+12:00:Tfm: netcoreapp3.1
2021-04-20T12:06:02.3787494+12:00:[AssemblyCache] Trying to resolve 'Microsoft.VisualStudio.Validation' in folder 'C:\Users\Dell\Documents\VB Feb 2021\MarsOnboardingTask\MarsOnboardingTask\bin\Debug\netcoreapp3.1\SpecFlowPlusRunner\netcoreapp3.1'
2021-04-20T12:06:02.3787580+12:00:[AssemblyCache] Trying to resolve 'Microsoft.VisualStudio.Validation' to 'C:\Users\Dell\Documents\VB Feb 2021\MarsOnboardingTask\MarsOnboardingTask\bin\Debug\netcoreapp3.1\SpecFlowPlusRunner\netcoreapp3.1\Microsoft.VisualStudio.Validation.dll'
2021-04-20T12:06:02.3789520+12:00:[AssemblyCache] Found file 'C:\Users\Dell\Documents\VB Feb 2021\MarsOnboardingTask\MarsOnboardingTask\bin\Debug\netcoreapp3.1\SpecFlowPlusRunner\netcoreapp3.1\Microsoft.VisualStudio.Validation.dll' for assembly 'Microsoft.VisualStudio.Validation'
2021-04-20T12:06:02.3796014+12:00:[AssemblyCache] Resolved 'Microsoft.VisualStudio.Validation' to C:\Users\Dell\Documents\VB Feb 2021\MarsOnboardingTask\MarsOnboardingTask\bin\Debug\netcoreapp3.1\SpecFlowPlusRunner\netcoreapp3.1\Microsoft.VisualStudio.Validation.dll
2021-04-20T12:06:02.3806374+12:00:Starting callback TCP Rpc server
2021-04-20T12:06:02.4028516+12:00:Asynchronously starting background TCP Rpc Server on port 32768
2021-04-20T12:06:02.4029166+12:00:Started callback TCP Rpc server on port 32768
2021-04-20T12:06:02.4029228+12:00:Starting logger TCP Rpc server
2021-04-20T12:06:02.4058964+12:00:Asynchronously starting background TCP Rpc Server on port 32769
2021-04-20T12:06:02.4059409+12:00:Started logger TCP Rpc server on port 32769
2021-04-20T12:06:02.4986663+12:00:Executing test executor at 'dotnet' 'exec "C:\Users\Dell\Documents\VB Feb 2021\MarsOnboardingTask\MarsOnboardingTask\bin\Debug\netcoreapp3.1\SpecFlowPlusRunner\netcoreapp3.1\TechTalk.SpecRun.Framework.Executor.anycpu.netcoreapp3_1.dll" --remoteRunnerPid 16492 --uniqueId "2021-04-20T120601" --outputFolder "C:\Users\Dell\Documents\VB Feb 2021\MarsOnboardingTask\TestResults" --callbackPort 32768 --loggerPort 32769' in 'C:\Users\Dell\Documents\VB Feb 2021\MarsOnboardingTask\MarsOnboardingTask\bin\Debug\netcoreapp3.1'
2021-04-20T12:06:02.5069420+12:00:Executor with PID 22436 has been started successfully.
2021-04-20T12:06:02.5113269+12:00:Out of Process Executor 22436 started
2021-04-20T12:06:02.5113602+12:00:Waiting for endpoint
2021-04-20T12:06:02.9066452+12:00:Assembly resolving Microsoft.VisualStudio.Threading, Version=15.3.0.0, Culture=neutral, PublicKeyToken=b03f5f7f11d50a3a
2021-04-20T12:06:02.9067334+12:00:[AssemblyCache] Trying to resolve 'Microsoft.VisualStudio.Threading' from .deps.json file
2021-04-20T12:06:02.9067411+12:00:[AssemblyCache] Could not resolve 'Microsoft.VisualStudio.Threading' from .deps.json
2021-04-20T12:06:02.9067498+12:00:[AssemblyCache] Trying to resolve 'Microsoft.VisualStudio.Threading' in folder 'C:\Users\Dell\Documents\VB Feb 2021\MarsOnboardingTask\MarsOnboardingTask\bin\Debug\netcoreapp3.1'
2021-04-20T12:06:02.9067529+12:00:[AssemblyCache] Trying to resolve 'Microsoft.VisualStudio.Threading' to 'C:\Users\Dell\Documents\VB Feb 2021\MarsOnboardingTask\MarsOnboardingTask\bin\Debug\netcoreapp3.1\Microsoft.VisualStudio.Threading.dll'
2021-04-20T12:06:02.9068292+12:00:[AssemblyCache] Trying to resolve 'Microsoft.VisualStudio.Threading' to 'C:\Users\Dell\Documents\VB Feb 2021\MarsOnboardingTask\MarsOnboardingTask\bin\Debug\netcoreapp3.1\Microsoft.VisualStudio.Threading.exe'
2021-04-20T12:06:02.9068871+12:00:[AssemblyCache] Could not resolve 'Microsoft.VisualStudio.Threading' in folder 'C:\Users\Dell\Documents\VB Feb 2021\MarsOnboardingTask\MarsOnboardingTask\bin\Debug\netcoreapp3.1'
2021-04-20T12:06:02.9068987+12:00:TargetFramework: .NETCoreApp,Version=v3.1
2021-04-20T12:06:02.9069754+12:00:Tfm: netcoreapp3.1
2021-04-20T12:06:02.9070022+12:00:[AssemblyCache] Trying to resolve 'Microsoft.VisualStudio.Threading' in folder 'C:\Users\Dell\Documents\VB Feb 2021\MarsOnboardingTask\MarsOnboardingTask\bin\Debug\netcoreapp3.1\SpecFlowPlusRunner\netcoreapp3.1'
2021-04-20T12:06:02.9070078+12:00:[AssemblyCache] Trying to resolve 'Microsoft.VisualStudio.Threading' to 'C:\Users\Dell\Documents\VB Feb 2021\MarsOnboardingTask\MarsOnboardingTask\bin\Debug\netcoreapp3.1\SpecFlowPlusRunner\netcoreapp3.1\Microsoft.VisualStudio.Threading.dll'
2021-04-20T12:06:02.9071121+12:00:[AssemblyCache] Found file 'C:\Users\Dell\Documents\VB Feb 2021\MarsOnboardingTask\MarsOnboardingTask\bin\Debug\netcoreapp3.1\SpecFlowPlusRunner\netcoreapp3.1\Microsoft.VisualStudio.Threading.dll' for assembly 'Microsoft.VisualStudio.Threading'
2021-04-20T12:06:02.9076285+12:00:[AssemblyCache] Resolved 'Microsoft.VisualStudio.Threading' to C:\Users\Dell\Documents\VB Feb 2021\MarsOnboardingTask\MarsOnboardingTask\bin\Debug\netcoreapp3.1\SpecFlowPlusRunner\netcoreapp3.1\Microsoft.VisualStudio.Threading.dll
2021-04-20T12:06:03.1582458+12:00:Remote executor port received: 32770
2021-04-20T12:06:03.1587021+12:00:Creating executor TCP client on port 32770
2021-04-20T12:06:03.1592289+12:00:Created executor TCP client on port 32770
2021-04-20T12:06:03.1592409+12:00:Connecting to remote executor TCP server
2021-04-20T12:06:03.1603846+12:00:Connected remote executor TCP server
2021-04-20T12:06:03.1606455+12:00:trying to connect to Out of Process Executor the 1 attempt
2021-04-20T12:06:03.1606608+12:00:Connection to Out of Process Executor established in the 1 attempt
2021-04-20T12:06:03.3216841+12:00:2021-04-20T12:06:03.3203415+12:00:OutOfProcessTestAssemblyExecutor: initialized for C:\Users\Dell\Documents\VB Feb 2021\MarsOnboardingTask\MarsOnboardingTask\bin\Debug\netcoreapp3.1\MarsOnboardingTask.dll on test thread #0
2021-04-20T12:06:03.3276537+12:00:Endpoint 22436 started
2021-04-20T12:06:03.3472760+12:00:2021-04-20T12:06:03.3467347+12:00:OutOfProcessTestAssemblyExecutor: running tests...
2021-04-20T12:06:03.4827913+12:00:2021-04-20T12:06:03.4822925+12:00:Assembly resolving TechTalk.SpecFlow, Version=3.7.0.0, Culture=neutral, PublicKeyToken=0778194805d6db41
2021-04-20T12:06:03.4864554+12:00:2021-04-20T12:06:03.4860648+12:00:[AssemblyCache] Trying to resolve 'TechTalk.SpecFlow' from .deps.json file
2021-04-20T12:06:03.4900834+12:00:2021-04-20T12:06:03.4896998+12:00:[AssemblyCache] Resolved 'TechTalk.SpecFlow' to 'C:\Users\Dell\.nuget\packages\specflow\3.7.13\lib\netstandard2.0\TechTalk.SpecFlow.dll'
2021-04-20T12:06:03.6112357+12:00:2021-04-20T12:06:03.6099184+12:00:Thread#0:T:-> Loading plugin C:\Users\Dell\Documents\VB Feb 2021\MarsOnboardingTask\MarsOnboardingTask\bin\Debug\netcoreapp3.1\MarsOnboardingTask.dll
2021-04-20T12:06:03.6148327+12:00:2021-04-20T12:06:03.6136113+12:00:Assembly resolving Microsoft.Extensions.DependencyModel, Version=1.0.1.0, Culture=neutral, PublicKeyToken=adb9793829ddae60
2021-04-20T12:06:03.6165514+12:00:2021-04-20T12:06:03.6155947+12:00:[AssemblyCache] Trying to resolve 'Microsoft.Extensions.DependencyModel' from .deps.json file
2021-04-20T12:06:03.6185447+12:00:2021-04-20T12:06:03.6174344+12:00:[AssemblyCache] Resolved 'Microsoft.Extensions.DependencyModel' to 'C:\Users\Dell\.nuget\packages\microsoft.extensions.dependencymodel\1.0.3\lib\netstandard1.6\Microsoft.Extensions.DependencyModel.dll'
2021-04-20T12:06:03.6771940+12:00:2021-04-20T12:06:03.6760329+12:00:Assembly resolving Microsoft.DotNet.PlatformAbstractions, Version=1.0.1.0, Culture=neutral, PublicKeyToken=adb9793829ddae60
2021-04-20T12:06:03.6781421+12:00:2021-04-20T12:06:03.6777430+12:00:[AssemblyCache] Trying to resolve 'Microsoft.DotNet.PlatformAbstractions' from .deps.json file
2021-04-20T12:06:03.6790424+12:00:2021-04-20T12:06:03.6786767+12:00:[AssemblyCache] Resolved 'Microsoft.DotNet.PlatformAbstractions' to 'C:\Users\Dell\.nuget\packages\microsoft.dotnet.platformabstractions\1.0.3\lib\netstandard1.3\Microsoft.DotNet.PlatformAbstractions.dll'
2021-04-20T12:06:03.6875846+12:00:2021-04-20T12:06:03.6870817+12:00:Thread#0:T:-> Missing [assembly:RuntimePlugin] attribute in MarsOnboardingTask, Version=1.0.0.0, Culture=neutral, PublicKeyToken=null. Please check https://go.specflow.org/doc-plugins for details.
2021-04-20T12:06:03.6884187+12:00:2021-04-20T12:06:03.6880520+12:00:Thread#0:T:-> Loading plugin C:\Users\Dell\Documents\VB Feb 2021\MarsOnboardingTask\MarsOnboardingTask\bin\Debug\netcoreapp3.1\LivingDoc.SpecFlowPlugin.dll
2021-04-20T12:06:03.6913787+12:00:2021-04-20T12:06:03.6909874+12:00:Assembly resolving LivingDoc.Dtos, Version=3.7.0.0, Culture=neutral, PublicKeyToken=null
2021-04-20T12:06:03.6920198+12:00:2021-04-20T12:06:03.6916885+12:00:[AssemblyCache] Trying to resolve 'LivingDoc.Dtos' from .deps.json file
2021-04-20T12:06:03.6928081+12:00:2021-04-20T12:06:03.6925011+12:00:[AssemblyCache] Resolved 'LivingDoc.Dtos' to 'C:\Users\Dell\.nuget\packages\specflow.plus.livingdocplugin\3.7.10\lib\netstandard2.0\LivingDoc.Dtos.dll'
2021-04-20T12:06:03.6969966+12:00:2021-04-20T12:06:03.6964746+12:00:Thread#0:T:-> Loading plugin C:\Users\Dell\Documents\VB Feb 2021\MarsOnboardingTask\MarsOnboardingTask\bin\Debug\netcoreapp3.1\SpecRun.Runtime.SpecFlowPlugin.dll
2021-04-20T12:06:03.7037890+12:00:2021-04-20T12:06:03.7033705+12:00:Thread#0:T:-> Using default config
2021-04-20T12:06:03.7172004+12:00:2021-04-20T12:06:03.7166519+12:00:Assembly resolving Cucumber.Messages, Version=6.0.1.0, Culture=neutral, PublicKeyToken=b10c5988214f940c
2021-04-20T12:06:03.7179434+12:00:2021-04-20T12:06:03.7175793+12:00:[AssemblyCache] Trying to resolve 'Cucumber.Messages' from .deps.json file
2021-04-20T12:06:03.7187601+12:00:2021-04-20T12:06:03.7184289+12:00:[AssemblyCache] Resolved 'Cucumber.Messages' to 'C:\Users\Dell\.nuget\packages\cucumber.messages\6.0.1\lib\netstandard2.0\Cucumber.Messages.dll'
2021-04-20T12:06:03.7204539+12:00:2021-04-20T12:06:03.7201001+12:00:Assembly resolving Google.Protobuf, Version=3.7.0.0, Culture=neutral, PublicKeyToken=a7d26565bac4d604
2021-04-20T12:06:03.7216384+12:00:2021-04-20T12:06:03.7207192+12:00:[AssemblyCache] Trying to resolve 'Google.Protobuf' from .deps.json file
2021-04-20T12:06:03.7223413+12:00:2021-04-20T12:06:03.7220369+12:00:[AssemblyCache] Resolved 'Google.Protobuf' to 'C:\Users\Dell\.nuget\packages\google.protobuf\3.7.0\lib\netstandard1.0\Google.Protobuf.dll'
2021-04-20T12:06:03.7334808+12:00:2021-04-20T12:06:03.7329917+12:00:Assembly resolving Microsoft.VisualStudio.TestPlatform.ObjectModel, Version=15.0.0.0, Culture=neutral, PublicKeyToken=b03f5f7f11d50a3a
2021-04-20T12:06:03.7341137+12:00:2021-04-20T12:06:03.7338304+12:00:[AssemblyCache] Trying to resolve 'Microsoft.VisualStudio.TestPlatform.ObjectModel' from .deps.json file
2021-04-20T12:06:03.7349309+12:00:2021-04-20T12:06:03.7346049+12:00:[AssemblyCache] Resolved 'Microsoft.VisualStudio.TestPlatform.ObjectModel' to 'C:\Users\Dell\.nuget\packages\microsoft.testplatform.objectmodel\16.5.0\lib\netstandard2.0\Microsoft.VisualStudio.TestPlatform.ObjectModel.dll'
2021-04-20T12:06:03.7375444+12:00:2021-04-20T12:06:03.7372194+12:00:Assembly resolving nunit.framework, Version=3.13.1.0, Culture=neutral, PublicKeyToken=2638cd05610744eb
2021-04-20T12:06:03.7379969+12:00:2021-04-20T12:06:03.7377501+12:00:[AssemblyCache] Trying to resolve 'nunit.framework' from .deps.json file
2021-04-20T12:06:03.7386109+12:00:2021-04-20T12:06:03.7383455+12:00:[AssemblyCache] Resolved 'nunit.framework' to 'C:\Users\Dell\.nuget\packages\nunit\3.13.1\lib\netstandard2.0\nunit.framework.dll'
2021-04-20T12:06:03.7808449+12:00:2021-04-20T12:06:03.7803204+12:00:Assembly resolving Utf8Json, Version=1.3.7.0, Culture=neutral, PublicKeyToken=8a73d3ba7e392e27
2021-04-20T12:06:03.7814352+12:00:2021-04-20T12:06:03.7811436+12:00:[AssemblyCache] Trying to resolve 'Utf8Json' from .deps.json file
2021-04-20T12:06:03.7822004+12:00:2021-04-20T12:06:03.7818803+12:00:[AssemblyCache] Resolved 'Utf8Json' to 'C:\Users\Dell\.nuget\packages\utf8json\1.3.7\lib\netstandard2.0\Utf8Json.dll'
2021-04-20T12:06:04.0580662+12:00:Thread#0: Test #4/0 is started on thread #0
2021-04-20T12:06:04.0941764+12:00:2021-04-20T12:06:04.0933944+12:00:Thread#0:B:Given User is logged in to Mars
2021-04-20T12:06:04.1205056+12:00:2021-04-20T12:06:04.1200469+12:00:Assembly resolving WebDriver, Version=3.141.0.0, Culture=neutral, PublicKeyToken=null
2021-04-20T12:06:04.1210102+12:00:2021-04-20T12:06:04.1207806+12:00:[AssemblyCache] Trying to resolve 'WebDriver' from .deps.json file
2021-04-20T12:06:04.1216486+12:00:2021-04-20T12:06:04.1213675+12:00:[AssemblyCache] Resolved 'WebDriver' to 'C:\Users\Dell\.nuget\packages\selenium.webdriver\3.141.0\lib\netstandard2.0\WebDriver.dll'
2021-04-20T12:06:06.7441188+12:00:2021-04-20T12:06:06.7418646+12:00:Assembly resolving SeleniumExtras.WaitHelpers, Version=3.11.0.0, Culture=neutral, PublicKeyToken=null
2021-04-20T12:06:06.7471050+12:00:2021-04-20T12:06:06.7460860+12:00:[AssemblyCache] Trying to resolve 'SeleniumExtras.WaitHelpers' from .deps.json file
2021-04-20T12:06:06.7485398+12:00:2021-04-20T12:06:06.7479328+12:00:[AssemblyCache] Resolved 'SeleniumExtras.WaitHelpers' to 'C:\Users\Dell\.nuget\packages\dotnetseleniumextras.waithelpers\3.11.0\lib\netstandard2.0\SeleniumExtras.WaitHelpers.dll'
2021-04-20T12:06:06.9459914+12:00:2021-04-20T12:06:06.9440273+12:00:Assembly resolving ExcelDataReader, Version=3.6.0.0, Culture=neutral, PublicKeyToken=93517dbe6a4012fa
2021-04-20T12:06:06.9469220+12:00:2021-04-20T12:06:06.9464320+12:00:[AssemblyCache] Trying to resolve 'ExcelDataReader' from .deps.json file
2021-04-20T12:06:06.9491049+12:00:2021-04-20T12:06:06.9478884+12:00:[AssemblyCache] Resolved 'ExcelDataReader' to 'C:\Users\Dell\.nuget\packages\exceldatareader\3.6.0\lib\netstandard2.0\ExcelDataReader.dll'
2021-04-20T12:06:06.9679895+12:00:2021-04-20T12:06:06.9597321+12:00:Assembly resolving System.Text.Encoding.CodePages, Version=5.0.0.0, Culture=neutral, PublicKeyToken=b03f5f7f11d50a3a
2021-04-20T12:06:06.9742300+12:00:2021-04-20T12:06:06.9692694+12:00:[AssemblyCache] Trying to resolve 'System.Text.Encoding.CodePages' from .deps.json file
2021-04-20T12:06:06.9878637+12:00:2021-04-20T12:06:06.9843287+12:00:[AssemblyCache] Resolved 'System.Text.Encoding.CodePages' to 'C:\Users\Dell\.nuget\packages\system.text.encoding.codepages\5.0.0\runtimes\win\lib\netcoreapp2.0\System.Text.Encoding.CodePages.dll'
2021-04-20T12:06:06.9968286+12:00:2021-04-20T12:06:06.9902659+12:00:Assembly resolving ExcelDataReader.DataSet, Version=3.6.0.0, Culture=neutral, PublicKeyToken=93517dbe6a4012fa
2021-04-20T12:06:07.0201720+12:00:2021-04-20T12:06:07.0060022+12:00:[AssemblyCache] Trying to resolve 'ExcelDataReader.DataSet' from .deps.json file
2021-04-20T12:06:07.0441045+12:00:2021-04-20T12:06:07.0286303+12:00:[AssemblyCache] Resolved 'ExcelDataReader.DataSet' to 'C:\Users\Dell\.nuget\packages\exceldatareader.dataset\3.6.0\lib\netstandard2.0\ExcelDataReader.DataSet.dll'
2021-04-20T12:06:07.0590139+12:00:2021-04-20T12:06:07.0571848+12:00:Assembly resolving System.Runtime.CompilerServices.Unsafe, Version=5.0.0.0, Culture=neutral, PublicKeyToken=b03f5f7f11d50a3a
2021-04-20T12:06:07.0602497+12:00:2021-04-20T12:06:07.0598455+12:00:[AssemblyCache] Trying to resolve 'System.Runtime.CompilerServices.Unsafe' from .deps.json file
2021-04-20T12:06:07.0652354+12:00:2021-04-20T12:06:07.0608261+12:00:[AssemblyCache] Resolved 'System.Runtime.CompilerServices.Unsafe' to 'C:\Users\Dell\.nuget\packages\system.runtime.compilerservices.unsafe\5.0.0\lib\netcoreapp2.0\System.Runtime.CompilerServices.Unsafe.dll'
2021-04-20T12:06:10.8189054+12:00:2021-04-20T12:06:10.8170371+12:00:Thread#0:T:done: AddProfileDetailsSteps.GivenUserIsLoggedInToMars() (6.7s)
2021-04-20T12:06:10.8235578+12:00:2021-04-20T12:06:10.8231390+12:00:Thread#0:B:When Add Profile description
2021-04-20T12:06:11.5472573+12:00:2021-04-20T12:06:11.5448275+12:00:Thread#0:T:done: AddProfileDetailsSteps.WhenAddProfileDescription() (0.7s)
2021-04-20T12:06:11.5509228+12:00:2021-04-20T12:06:11.5496393+12:00:Thread#0:B:Then The details should be saved
2021-04-20T12:06:11.5763921+12:00:2021-04-20T12:06:11.5758923+12:00:Assembly resolving System.Net.Requests.resources, Version=4.1.2.0, Culture=en-US, PublicKeyToken=b03f5f7f11d50a3a
2021-04-20T12:06:11.5771146+12:00:2021-04-20T12:06:11.5767711+12:00:[AssemblyCache] Trying to resolve 'System.Net.Requests.resources' from .deps.json file
2021-04-20T12:06:11.5784376+12:00:2021-04-20T12:06:11.5778919+12:00:[AssemblyCache] Could not resolve 'System.Net.Requests.resources' from .deps.json
2021-04-20T12:06:11.5816932+12:00:2021-04-20T12:06:11.5811796+12:00:[AssemblyCache] Trying to resolve 'System.Net.Requests.resources' in folder 'C:\Users\Dell\Documents\VB Feb 2021\MarsOnboardingTask\MarsOnboardingTask\bin\Debug\netcoreapp3.1'
2021-04-20T12:06:11.5839217+12:00:2021-04-20T12:06:11.5834305+12:00:[AssemblyCache] Trying to resolve 'System.Net.Requests.resources' to 'C:\Users\Dell\Documents\VB Feb 2021\MarsOnboardingTask\MarsOnboardingTask\bin\Debug\netcoreapp3.1\System.Net.Requests.resources.dll'
2021-04-20T12:06:11.5847884+12:00:2021-04-20T12:06:11.5843686+12:00:[AssemblyCache] Trying to resolve 'System.Net.Requests.resources' to 'C:\Users\Dell\Documents\VB Feb 2021\MarsOnboardingTask\MarsOnboardingTask\bin\Debug\netcoreapp3.1\System.Net.Requests.resources.exe'
2021-04-20T12:06:11.5855291+12:00:2021-04-20T12:06:11.5851825+12:00:[AssemblyCache] Could not resolve 'System.Net.Requests.resources' in folder 'C:\Users\Dell\Documents\VB Feb 2021\MarsOnboardingTask\MarsOnboardingTask\bin\Debug\netcoreapp3.1'
2021-04-20T12:06:11.5868273+12:00:2021-04-20T12:06:11.5863998+12:00:TargetFramework: .NETCoreApp,Version=v3.1
2021-04-20T12:06:11.5886183+12:00:2021-04-20T12:06:11.5881350+12:00:Tfm: netcoreapp3.1
2021-04-20T12:06:11.5893393+12:00:2021-04-20T12:06:11.5889397+12:00:[AssemblyCache] Trying to resolve 'System.Net.Requests.resources' in folder 'C:\Users\Dell\Documents\VB Feb 2021\MarsOnboardingTask\MarsOnboardingTask\bin\Debug\netcoreapp3.1\SpecFlowPlusRunner\netcoreapp3.1'
2021-04-20T12:06:11.5899206+12:00:2021-04-20T12:06:11.5896093+12:00:[AssemblyCache] Trying to resolve 'System.Net.Requests.resources' to 'C:\Users\Dell\Documents\VB Feb 2021\MarsOnboardingTask\MarsOnboardingTask\bin\Debug\netcoreapp3.1\SpecFlowPlusRunner\netcoreapp3.1\System.Net.Requests.resources.dll'
2021-04-20T12:06:11.5906273+12:00:2021-04-20T12:06:11.5902881+12:00:[AssemblyCache] Trying to resolve 'System.Net.Requests.resources' to 'C:\Users\Dell\Documents\VB Feb 2021\MarsOnboardingTask\MarsOnboardingTask\bin\Debug\netcoreapp3.1\SpecFlowPlusRunner\netcoreapp3.1\System.Net.Requests.resources.exe'
2021-04-20T12:06:11.5914452+12:00:2021-04-20T12:06:11.5910470+12:00:[AssemblyCache] Could not resolve 'System.Net.Requests.resources' in folder 'C:\Users\Dell\Documents\VB Feb 2021\MarsOnboardingTask\MarsOnboardingTask\bin\Debug\netcoreapp3.1\SpecFlowPlusRunner\netcoreapp3.1'
2021-04-20T12:06:11.6063432+12:00:2021-04-20T12:06:11.6058829+12:00:[AssemblyCache] Trying to resolve 'System.Net.Requests.resources' in folder 'C:\Program Files\dotnet\shared\Microsoft.AspNetCore.App\3.1.13'
2021-04-20T12:06:11.6069357+12:00:2021-04-20T12:06:11.6066351+12:00:[AssemblyCache] Trying to resolve 'System.Net.Requests.resources' to 'C:\Program Files\dotnet\shared\Microsoft.AspNetCore.App\3.1.13\System.Net.Requests.resources.dll'
2021-04-20T12:06:11.6075717+12:00:2021-04-20T12:06:11.6072901+12:00:[AssemblyCache] Trying to resolve 'System.Net.Requests.resources' to 'C:\Program Files\dotnet\shared\Microsoft.AspNetCore.App\3.1.13\System.Net.Requests.resources.exe'
2021-04-20T12:06:11.6082425+12:00:2021-04-20T12:06:11.6078902+12:00:[AssemblyCache] Could not resolve 'System.Net.Requests.resources' in folder 'C:\Program Files\dotnet\shared\Microsoft.AspNetCore.App\3.1.13'
2021-04-20T12:06:11.6092338+12:00:2021-04-20T12:06:11.6088815+12:00:[AssemblyCache] Trying to resolve 'System.Net.Requests.resources' in folder 'C:\Program Files\dotnet\shared\Microsoft.NETCore.App\3.1.13'
2021-04-20T12:06:11.6098320+12:00:2021-04-20T12:06:11.6095125+12:00:[AssemblyCache] Trying to resolve 'System.Net.Requests.resources' to 'C:\Program Files\dotnet\shared\Microsoft.NETCore.App\3.1.13\System.Net.Requests.resources.dll'
2021-04-20T12:06:11.6105762+12:00:2021-04-20T12:06:11.6102728+12:00:[AssemblyCache] Trying to resolve 'System.Net.Requests.resources' to 'C:\Program Files\dotnet\shared\Microsoft.NETCore.App\3.1.13\System.Net.Requests.resources.exe'
2021-04-20T12:06:11.6112274+12:00:2021-04-20T12:06:11.6109121+12:00:[AssemblyCache] Could not resolve 'System.Net.Requests.resources' in folder 'C:\Program Files\dotnet\shared\Microsoft.NETCore.App\3.1.13'
2021-04-20T12:06:11.6118917+12:00:2021-04-20T12:06:11.6116492+12:00:[AssemblyCache] Trying to resolve 'System.Net.Requests.resources' in folder 'C:\Program Files\dotnet\shared\Microsoft.WindowsDesktop.App\3.1.13'
2021-04-20T12:06:11.6126220+12:00:2021-04-20T12:06:11.6122203+12:00:[AssemblyCache] Trying to resolve 'System.Net.Requests.resources' to 'C:\Program Files\dotnet\shared\Microsoft.WindowsDesktop.App\3.1.13\System.Net.Requests.resources.dll'
2021-04-20T12:06:11.6134558+12:00:2021-04-20T12:06:11.6130695+12:00:[AssemblyCache] Trying to resolve 'System.Net.Requests.resources' to 'C:\Program Files\dotnet\shared\Microsoft.WindowsDesktop.App\3.1.13\System.Net.Requests.resources.exe'
2021-04-20T12:06:11.6143563+12:00:2021-04-20T12:06:11.6138415+12:00:[AssemblyCache] Could not resolve 'System.Net.Requests.resources' in folder 'C:\Program Files\dotnet\shared\Microsoft.WindowsDesktop.App\3.1.13'
2021-04-20T12:06:11.6199058+12:00:2021-04-20T12:06:11.6186201+12:00:Assembly resolving System.Net.Requests.resources, Version=4.1.2.0, Culture=en, PublicKeyToken=b03f5f7f11d50a3a
2021-04-20T12:06:12.2069274+12:00:2021-04-20T12:06:12.2056583+12:00:Thread#0:T:done: AddProfileDetailsSteps.ThenTheDetailsShouldBeSaved() (0.7s)
2021-04-20T12:06:12.2284626+12:00:Thread#0:Scheduler: get next test for thread 0
2021-04-20T12:06:12.2285636+12:00:Thread#:Scheduler: testitem #5 from normal test queue 
2021-04-20T12:06:12.2285728+12:00:Thread#0:Scheduler: considering testitem #5 for thread 0
2021-04-20T12:06:12.2286827+12:00:Thread#0:TestItem#5:testItemMatchesCurrentTestThread:UnSpecific
2021-04-20T12:06:12.2286910+12:00:Thread#0:TestItem#5:runsOnOneOtherThreadSpecific:False
2021-04-20T12:06:12.2286934+12:00:Thread#0:TestItem#5:runsOnOneOtherThreadUnspecific:False
2021-04-20T12:06:12.2286959+12:00:Thread#0:Scheduler: using testitem #5 for thread 0
2021-04-20T12:06:12.2287367+12:00:Thread#0:Scheduler: Test #5 is scheduled for thread
2021-04-20T12:06:12.2287831+12:00:Thread#0:Scheduler: with testItemExecutionIndex 0
2021-04-20T12:06:12.7377004+12:00:Thread#0: Test #4/0 is finished on thread #0 as Succeeded within 8.678221 seconds
2021-04-20T12:06:12.7453211+12:00:Thread#0: Test #5/0 is started on thread #0
2021-04-20T12:06:12.7496733+12:00:2021-04-20T12:06:12.7492388+12:00:Thread#0:B:Given User is logged in to Mars
2021-04-20T12:06:19.3104270+12:00:2021-04-20T12:06:19.3091365+12:00:Thread#0:T:done: AddProfileDetailsSteps.GivenUserIsLoggedInToMars() (6.6s)
2021-04-20T12:06:19.3128577+12:00:2021-04-20T12:06:19.3118291+12:00:Thread#0:B:When Add New Language
2021-04-20T12:06:19.3169234+12:00:2021-04-20T12:06:19.3159967+12:00:Assembly resolving WebDriver.Support, Version=3.141.0.0, Culture=neutral, PublicKeyToken=null
2021-04-20T12:06:19.3186627+12:00:2021-04-20T12:06:19.3176677+12:00:[AssemblyCache] Trying to resolve 'WebDriver.Support' from .deps.json file
2021-04-20T12:06:19.3206058+12:00:2021-04-20T12:06:19.3197441+12:00:[AssemblyCache] Resolved 'WebDriver.Support' to 'C:\Users\Dell\.nuget\packages\selenium.support\3.141.0\lib\netstandard2.0\WebDriver.Support.dll'
2021-04-20T12:06:19.6631200+12:00:2021-04-20T12:06:19.6621107+12:00:Thread#0:T:done: AddProfileDetailsSteps.WhenAddNewLanguage() (0.3s)
2021-04-20T12:06:19.6645895+12:00:2021-04-20T12:06:19.6641385+12:00:Thread#0:B:Then New Language is saved
2021-04-20T12:06:27.4491857+12:00:2021-04-20T12:06:27.4478036+12:00:Thread#0:T:error: no such element: Unable to locate element: {"method":"xpath","selector":"//div[@class='ns-box-inner']"}
2021-04-20T12:06:27.4505774+12:00:2021-04-20T12:06:27.4501334+12:00:Thread#0:T:  (Session info: chrome=89.0.4389.128) (7.8s)
2021-04-20T12:06:27.4610275+12:00:Thread#0:TestItem#5:Scheduler: reschedule tests for testitem #5
2021-04-20T12:06:27.4619897+12:00:Thread#0:Scheduler: get next test for thread 0
2021-04-20T12:06:27.4620581+12:00:Thread#:Scheduler: dequeuing a rescheduled testitem: #5
2021-04-20T12:06:27.4620651+12:00:Thread#0:Scheduler: considering testitem #5 for thread 0
2021-04-20T12:06:27.4621712+12:00:Thread#0:TestItem#5:testItemMatchesCurrentTestThread:UnSpecific
2021-04-20T12:06:27.4621848+12:00:Thread#0:TestItem#5:runsOnOneOtherThreadSpecific:False
2021-04-20T12:06:27.4621875+12:00:Thread#0:TestItem#5:runsOnOneOtherThreadUnspecific:False
2021-04-20T12:06:27.4621900+12:00:Thread#0:Scheduler: using testitem #5 for thread 0
2021-04-20T12:06:27.4622416+12:00:Thread#0:Scheduler: Test #5 is scheduled for thread
2021-04-20T12:06:27.4622807+12:00:Thread#0:Scheduler: with testItemExecutionIndex 1
2021-04-20T12:06:27.8464737+12:00:Thread#0: Test #5/0 is finished on thread #0 as Failed within 15.1010203 seconds
2021-04-20T12:06:27.8497933+12:00:Thread#0: Test #5/1 is started on thread #0
2021-04-20T12:06:27.8536617+12:00:2021-04-20T12:06:27.8529649+12:00:Thread#0:B:Given User is logged in to Mars
2021-04-20T12:06:33.8292233+12:00:2021-04-20T12:06:33.8285143+12:00:Thread#0:T:done: AddProfileDetailsSteps.GivenUserIsLoggedInToMars() (6.0s)
2021-04-20T12:06:33.8310664+12:00:2021-04-20T12:06:33.8304571+12:00:Thread#0:B:When Add New Language
2021-04-20T12:06:34.2141495+12:00:2021-04-20T12:06:34.2135305+12:00:Thread#0:T:done: AddProfileDetailsSteps.WhenAddNewLanguage() (0.4s)
2021-04-20T12:06:34.2155946+12:00:2021-04-20T12:06:34.2151873+12:00:Thread#0:B:Then New Language is saved
2021-04-20T12:06:41.9890219+12:00:2021-04-20T12:06:41.9882996+12:00:Thread#0:T:error: no such element: Unable to locate element: {"method":"xpath","selector":"//div[@class='ns-box-inner']"}
2021-04-20T12:06:41.9900967+12:00:2021-04-20T12:06:41.9896238+12:00:Thread#0:T:  (Session info: chrome=89.0.4389.128) (7.8s)
2021-04-20T12:06:41.9930324+12:00:Thread#0:Scheduler: get next test for thread 0
2021-04-20T12:06:41.9930778+12:00:Thread#:Scheduler: dequeuing a rescheduled testitem: #5
2021-04-20T12:06:41.9930840+12:00:Thread#0:Scheduler: considering testitem #5 for thread 0
2021-04-20T12:06:41.9931620+12:00:Thread#0:TestItem#5:testItemMatchesCurrentTestThread:UnSpecific
2021-04-20T12:06:41.9931679+12:00:Thread#0:TestItem#5:runsOnOneOtherThreadSpecific:False
2021-04-20T12:06:41.9931705+12:00:Thread#0:TestItem#5:runsOnOneOtherThreadUnspecific:False
2021-04-20T12:06:41.9931727+12:00:Thread#0:Scheduler: using testitem #5 for thread 0
2021-04-20T12:06:41.9932169+12:00:Thread#0:Scheduler: Test #5 is scheduled for thread
2021-04-20T12:06:41.9932531+12:00:Thread#0:Scheduler: with testItemExecutionIndex 2
2021-04-20T12:06:42.3488757+12:00:Thread#0: Test #5/1 is finished on thread #0 as Failed within 14.4988465 seconds
2021-04-20T12:06:42.3503043+12:00:Thread#0: Test #5/2 is started on thread #0
2021-04-20T12:06:42.3538725+12:00:2021-04-20T12:06:42.3529151+12:00:Thread#0:B:Given User is logged in to Mars
2021-04-20T12:06:48.5657552+12:00:2021-04-20T12:06:48.5652869+12:00:Thread#0:T:done: AddProfileDetailsSteps.GivenUserIsLoggedInToMars() (6.2s)
2021-04-20T12:06:48.5667759+12:00:2021-04-20T12:06:48.5664224+12:00:Thread#0:B:When Add New Language
2021-04-20T12:06:48.6380406+12:00:2021-04-20T12:06:48.6375206+12:00:Thread#0:T:error: no such element: Unable to locate element: {"method":"css selector","selector":"*[name="name"]"}
2021-04-20T12:06:48.6387016+12:00:2021-04-20T12:06:48.6383902+12:00:Thread#0:T:  (Session info: chrome=89.0.4389.128) (0.1s)
2021-04-20T12:06:48.6396900+12:00:2021-04-20T12:06:48.6393553+12:00:Thread#0:B:Then New Language is saved
2021-04-20T12:06:48.6420183+12:00:2021-04-20T12:06:48.6414089+12:00:Thread#0:T:skipped because of previous errors
2021-04-20T12:06:48.6493663+12:00:Thread#0:Scheduler: get next test for thread 0
2021-04-20T12:06:48.6494388+12:00:Thread#:Scheduler: testitem #6 from normal test queue 
2021-04-20T12:06:48.6494591+12:00:Thread#0:Scheduler: considering testitem #6 for thread 0
2021-04-20T12:06:48.6495230+12:00:Thread#0:TestItem#6:testItemMatchesCurrentTestThread:UnSpecific
2021-04-20T12:06:48.6495323+12:00:Thread#0:TestItem#6:runsOnOneOtherThreadSpecific:False
2021-04-20T12:06:48.6495417+12:00:Thread#0:TestItem#6:runsOnOneOtherThreadUnspecific:False
2021-04-20T12:06:48.6495490+12:00:Thread#0:Scheduler: using testitem #6 for thread 0
2021-04-20T12:06:48.6495869+12:00:Thread#0:Scheduler: Test #6 is scheduled for thread
2021-04-20T12:06:48.6496333+12:00:Thread#0:Scheduler: with testItemExecutionIndex 0
2021-04-20T12:06:48.9964758+12:00:Thread#0: Test #5/2 is finished on thread #0 as Failed within 6.6459903 seconds
2021-04-20T12:06:48.9976674+12:00:Thread#0: Test #6/0 is started on thread #0
2021-04-20T12:06:49.0009620+12:00:2021-04-20T12:06:49.0005747+12:00:Thread#0:B:Given User is logged in to Mars
2021-04-20T12:06:55.1668524+12:00:2021-04-20T12:06:55.1663860+12:00:Thread#0:T:done: AddProfileDetailsSteps.GivenUserIsLoggedInToMars() (6.2s)
2021-04-20T12:06:55.1680904+12:00:2021-04-20T12:06:55.1677757+12:00:Thread#0:B:When Add New skill
2021-04-20T12:06:55.6457935+12:00:2021-04-20T12:06:55.6451579+12:00:Thread#0:T:done: AddProfileDetailsSteps.WhenAddNewSkill() (0.5s)
2021-04-20T12:06:55.6479928+12:00:2021-04-20T12:06:55.6472699+12:00:Thread#0:B:Then New skill is saved
2021-04-20T12:06:56.2581857+12:00:2021-04-20T12:06:56.2578613+12:00:Thread#0:T:done: AddProfileDetailsSteps.ThenNewSkillIsSaved() (0.6s)
2021-04-20T12:06:56.2596866+12:00:Thread#0:Scheduler: get next test for thread 0
2021-04-20T12:06:56.2597464+12:00:Thread#:Scheduler: testitem #7 from normal test queue 
2021-04-20T12:06:56.2597620+12:00:Thread#0:Scheduler: considering testitem #7 for thread 0
2021-04-20T12:06:56.2598682+12:00:Thread#0:TestItem#7:testItemMatchesCurrentTestThread:UnSpecific
2021-04-20T12:06:56.2598857+12:00:Thread#0:TestItem#7:runsOnOneOtherThreadSpecific:False
2021-04-20T12:06:56.2598917+12:00:Thread#0:TestItem#7:runsOnOneOtherThreadUnspecific:False
2021-04-20T12:06:56.2599024+12:00:Thread#0:Scheduler: using testitem #7 for thread 0
2021-04-20T12:06:56.2599895+12:00:Thread#0:Scheduler: Test #7 is scheduled for thread
2021-04-20T12:06:56.2600820+12:00:Thread#0:Scheduler: with testItemExecutionIndex 0
2021-04-20T12:06:56.6477686+12:00:Thread#0: Test #6/0 is finished on thread #0 as Succeeded within 7.6499842 seconds
2021-04-20T12:06:56.6490506+12:00:Thread#0: Test #7/0 is started on thread #0
2021-04-20T12:06:56.6527359+12:00:2021-04-20T12:06:56.6522654+12:00:Thread#0:B:Given User is logged in to Mars
2021-04-20T12:07:02.6687779+12:00:2021-04-20T12:07:02.6683680+12:00:Thread#0:T:done: AddProfileDetailsSteps.GivenUserIsLoggedInToMars() (6.0s)
2021-04-20T12:07:02.6697941+12:00:2021-04-20T12:07:02.6692523+12:00:Thread#0:B:When Add New Education
2021-04-20T12:07:03.7760439+12:00:2021-04-20T12:07:03.7756691+12:00:Thread#0:T:done: AddProfileDetailsSteps.WhenAddNewEducation() (1.1s)
2021-04-20T12:07:03.7773754+12:00:2021-04-20T12:07:03.7770706+12:00:Thread#0:B:Then New Education is saved
2021-04-20T12:07:04.3489368+12:00:2021-04-20T12:07:04.3485670+12:00:Thread#0:T:done: AddProfileDetailsSteps.ThenNewEducationIsSaved() (0.6s)
2021-04-20T12:07:04.3502480+12:00:Thread#0:Scheduler: get next test for thread 0
2021-04-20T12:07:04.3503021+12:00:Thread#:Scheduler: testitem #8 from normal test queue 
2021-04-20T12:07:04.3503097+12:00:Thread#0:Scheduler: considering testitem #8 for thread 0
2021-04-20T12:07:04.3503850+12:00:Thread#0:TestItem#8:testItemMatchesCurrentTestThread:UnSpecific
2021-04-20T12:07:04.3503960+12:00:Thread#0:TestItem#8:runsOnOneOtherThreadSpecific:False
2021-04-20T12:07:04.3504007+12:00:Thread#0:TestItem#8:runsOnOneOtherThreadUnspecific:False
2021-04-20T12:07:04.3504087+12:00:Thread#0:Scheduler: using testitem #8 for thread 0
2021-04-20T12:07:04.3504669+12:00:Thread#0:Scheduler: Test #8 is scheduled for thread
2021-04-20T12:07:04.3505277+12:00:Thread#0:Scheduler: with testItemExecutionIndex 0
2021-04-20T12:07:04.7269740+12:00:Thread#0: Test #7/0 is finished on thread #0 as Succeeded within 8.0777778 seconds
2021-04-20T12:07:04.7278037+12:00:Thread#0: Test #8/0 is started on thread #0
2021-04-20T12:07:04.7310559+12:00:2021-04-20T12:07:04.7306174+12:00:Thread#0:B:Given User is logged in to Mars
2021-04-20T12:07:11.0171153+12:00:2021-04-20T12:07:11.0167522+12:00:Thread#0:T:done: AddProfileDetailsSteps.GivenUserIsLoggedInToMars() (6.3s)
2021-04-20T12:07:11.0178735+12:00:2021-04-20T12:07:11.0176131+12:00:Thread#0:B:When Add New Certification
2021-04-20T12:07:11.6173160+12:00:2021-04-20T12:07:11.6168588+12:00:Thread#0:T:done: AddProfileDetailsSteps.WhenAddNewCertification() (0.6s)
2021-04-20T12:07:11.6183534+12:00:2021-04-20T12:07:11.6179636+12:00:Thread#0:B:Then New Certification is saved
2021-04-20T12:07:12.2303025+12:00:2021-04-20T12:07:12.2299044+12:00:Thread#0:T:done: AddProfileDetailsSteps.ThenNewCertificationIsSaved() (0.6s)
2021-04-20T12:07:12.2317247+12:00:Thread#0:Scheduler: get next test for thread 0
2021-04-20T12:07:12.2317755+12:00:Thread#:Scheduler: at the end of normal test queue
2021-04-20T12:07:12.2317874+12:00:Thread#0:Scheduler: enumerator for thread is at end
2021-04-20T12:07:12.2317945+12:00:Thread#0:Scheduler: No more tests for thread
2021-04-20T12:07:12.6436957+12:00:Thread#0: Test #8/0 is finished on thread #0 as Succeeded within 7.9157931 seconds
2021-04-20T12:07:12.6529640+12:00:2021-04-20T12:07:12.6527012+12:00:Got Deinitialize Signal
2021-04-20T12:07:12.6577739+12:00:RPC Client disconnected, because 'Disposed'. 
LastMessage: 
Description:Stream has been disposed
Exception:<none>
2021-04-20T12:07:12.6583984+12:00:RPC Server disconnected, because 'Disposed'. 
LastMessage: 
Description:Reached end of stream.
Exception:<none>
2021-04-20T12:07:12.6599343+12:00:RPC Server disconnected, because 'Disposed'. 
LastMessage: 
Description:Reached end of stream.
Exception:<none>
2021-04-20T12:07:12.6638158+12:00:Assembly resolving System.Diagnostics.Process.resources, Version=4.2.2.0, Culture=en-US, PublicKeyToken=b03f5f7f11d50a3a
2021-04-20T12:07:12.6638657+12:00:[AssemblyCache] Trying to resolve 'System.Diagnostics.Process.resources' from .deps.json file
2021-04-20T12:07:12.6638829+12:00:[AssemblyCache] Could not resolve 'System.Diagnostics.Process.resources' from .deps.json
2021-04-20T12:07:12.6639046+12:00:[AssemblyCache] Trying to resolve 'System.Diagnostics.Process.resources' in folder 'C:\Users\Dell\Documents\VB Feb 2021\MarsOnboardingTask\MarsOnboardingTask\bin\Debug\netcoreapp3.1'
2021-04-20T12:07:12.6639107+12:00:[AssemblyCache] Trying to resolve 'System.Diagnostics.Process.resources' to 'C:\Users\Dell\Documents\VB Feb 2021\MarsOnboardingTask\MarsOnboardingTask\bin\Debug\netcoreapp3.1\System.Diagnostics.Process.resources.dll'
2021-04-20T12:07:12.6639993+12:00:[AssemblyCache] Trying to resolve 'System.Diagnostics.Process.resources' to 'C:\Users\Dell\Documents\VB Feb 2021\MarsOnboardingTask\MarsOnboardingTask\bin\Debug\netcoreapp3.1\System.Diagnostics.Process.resources.exe'
2021-04-20T12:07:12.6640836+12:00:[AssemblyCache] Could not resolve 'System.Diagnostics.Process.resources' in folder 'C:\Users\Dell\Documents\VB Feb 2021\MarsOnboardingTask\MarsOnboardingTask\bin\Debug\netcoreapp3.1'
2021-04-20T12:07:12.6641076+12:00:TargetFramework: .NETCoreApp,Version=v3.1
2021-04-20T12:07:12.6642199+12:00:Tfm: netcoreapp3.1
2021-04-20T12:07:12.6642394+12:00:[AssemblyCache] Trying to resolve 'System.Diagnostics.Process.resources' in folder 'C:\Users\Dell\Documents\VB Feb 2021\MarsOnboardingTask\MarsOnboardingTask\bin\Debug\netcoreapp3.1\SpecFlowPlusRunner\netcoreapp3.1'
2021-04-20T12:07:12.6642442+12:00:[AssemblyCache] Trying to resolve 'System.Diagnostics.Process.resources' to 'C:\Users\Dell\Documents\VB Feb 2021\MarsOnboardingTask\MarsOnboardingTask\bin\Debug\netcoreapp3.1\SpecFlowPlusRunner\netcoreapp3.1\System.Diagnostics.Process.resources.dll'
2021-04-20T12:07:12.6643314+12:00:[AssemblyCache] Trying to resolve 'System.Diagnostics.Process.resources' to 'C:\Users\Dell\Documents\VB Feb 2021\MarsOnboardingTask\MarsOnboardingTask\bin\Debug\netcoreapp3.1\SpecFlowPlusRunner\netcoreapp3.1\System.Diagnostics.Process.resources.exe'
2021-04-20T12:07:12.6644444+12:00:[AssemblyCache] Could not resolve 'System.Diagnostics.Process.resources' in folder 'C:\Users\Dell\Documents\VB Feb 2021\MarsOnboardingTask\MarsOnboardingTask\bin\Debug\netcoreapp3.1\SpecFlowPlusRunner\netcoreapp3.1'
2021-04-20T12:07:12.6754651+12:00:[AssemblyCache] Trying to resolve 'System.Diagnostics.Process.resources' in folder 'C:\Program Files\dotnet\shared\Microsoft.AspNetCore.App\3.1.13'
2021-04-20T12:07:12.6754903+12:00:[AssemblyCache] Trying to resolve 'System.Diagnostics.Process.resources' to 'C:\Program Files\dotnet\shared\Microsoft.AspNetCore.App\3.1.13\System.Diagnostics.Process.resources.dll'
2021-04-20T12:07:12.6755960+12:00:[AssemblyCache] Trying to resolve 'System.Diagnostics.Process.resources' to 'C:\Program Files\dotnet\shared\Microsoft.AspNetCore.App\3.1.13\System.Diagnostics.Process.resources.exe'
2021-04-20T12:07:12.6756824+12:00:[AssemblyCache] Could not resolve 'System.Diagnostics.Process.resources' in folder 'C:\Program Files\dotnet\shared\Microsoft.AspNetCore.App\3.1.13'
2021-04-20T12:07:12.6759399+12:00:[AssemblyCache] Trying to resolve 'System.Diagnostics.Process.resources' in folder 'C:\Program Files\dotnet\shared\Microsoft.NETCore.App\3.1.13'
2021-04-20T12:07:12.6759558+12:00:[AssemblyCache] Trying to resolve 'System.Diagnostics.Process.resources' to 'C:\Program Files\dotnet\shared\Microsoft.NETCore.App\3.1.13\System.Diagnostics.Process.resources.dll'
2021-04-20T12:07:12.6760401+12:00:[AssemblyCache] Trying to resolve 'System.Diagnostics.Process.resources' to 'C:\Program Files\dotnet\shared\Microsoft.NETCore.App\3.1.13\System.Diagnostics.Process.resources.exe'
2021-04-20T12:07:12.6761257+12:00:[AssemblyCache] Could not resolve 'System.Diagnostics.Process.resources' in folder 'C:\Program Files\dotnet\shared\Microsoft.NETCore.App\3.1.13'
2021-04-20T12:07:12.6763761+12:00:[AssemblyCache] Trying to resolve 'System.Diagnostics.Process.resources' in folder 'C:\Program Files\dotnet\shared\Microsoft.WindowsDesktop.App\3.1.13'
2021-04-20T12:07:12.6763916+12:00:[AssemblyCache] Trying to resolve 'System.Diagnostics.Process.resources' to 'C:\Program Files\dotnet\shared\Microsoft.WindowsDesktop.App\3.1.13\System.Diagnostics.Process.resources.dll'
2021-04-20T12:07:12.6764815+12:00:[AssemblyCache] Trying to resolve 'System.Diagnostics.Process.resources' to 'C:\Program Files\dotnet\shared\Microsoft.WindowsDesktop.App\3.1.13\System.Diagnostics.Process.resources.exe'
2021-04-20T12:07:12.6765575+12:00:[AssemblyCache] Could not resolve 'System.Diagnostics.Process.resources' in folder 'C:\Program Files\dotnet\shared\Microsoft.WindowsDesktop.App\3.1.13'
2021-04-20T12:07:12.6780439+12:00:Assembly resolving System.Diagnostics.Process.resources, Version=4.2.2.0, Culture=en, PublicKeyToken=b03f5f7f11d50a3a
2021-04-20T12:07:12.6881708+12:00:Thread#-1:Scheduler: get next test for thread -1
2021-04-20T12:07:12.6882353+12:00:Thread#:Scheduler: at the end of normal test queue
2021-04-20T12:07:12.6882448+12:00:Thread#-1:Scheduler: enumerator for thread is at end
2021-04-20T12:07:12.6950166+12:00;Thread#13;Info;test run finished
2021-04-20T12:07:12.6953470+12:00;Thread#13;Info;publishing test results
2021-04-20T12:07:12.6956096+12:00;Thread#13;Info;Not publishing results.
2021-04-20T12:07:12.6957698+12:00;Thread#13;Info;test results published
2021-04-20T12:07:12.6958875+12:00;Thread#13;Info;generating reports
2021-04-20T12:07:12.7929993+12:00;Thread#13;Info;Starting external report generation process
2021-04-20T12:07:14.5043305+12:00;Thread#13;Info;Successfully generated reports.
2021-04-20T12:07:14.5066593+12:00;Thread#13;Info;Successfully generated reports
2021-04-20T12:07:14.5141387+12:00:Total: 5 (test executions: 7)
2021-04-20T12:07:14.5161070+12:00:Succeeded: 4
2021-04-20T12:07:14.5164577+12:00:Ignored: 0
2021-04-20T12:07:14.5169227+12:00:Pending: 0
2021-04-20T12:07:14.5169827+12:00:Skipped: 0
2021-04-20T12:07:14.5175223+12:00:Failed: 1
2021-04-20T12:07:14.5242262+12:00;VSTestExecutionThread;Info;Adding attachments to VSTest
2021-04-20T12:07:14.5244112+12:00;VSTestExecutionThread;Info;adding Test Execution Report 'C:\Users\Dell\Documents\VB Feb 2021\MarsOnboardingTask\TestResults\Unnamed project__2021-04-20T120601.html'
========== End of log file ==========
